<?xml version="1.0" encoding="UTF-8"?>
<testng-results ignored="0" total="1" passed="1" failed="0" skipped="0">
  <reporter-output>
  </reporter-output>
  <suite started-at="2025-12-27T16:20:56 IST" name="Suite" finished-at="2025-12-27T16:21:37 IST" duration-ms="41445">
    <groups>
      <group name="Master">
        <method signature="TC_005_EndToEndTest.endToEndTest()[pri:0, instance:testCases.TC_005_EndToEndTest@57459491]" name="endToEndTest" class="testCases.TC_005_EndToEndTest"/>
      </group> <!-- Master -->
    </groups>
    <test started-at="2025-12-27T16:20:56 IST" name="Test" finished-at="2025-12-27T16:21:37 IST" duration-ms="41445">
      <class name="testCases.TC_005_EndToEndTest">
        <test-method is-config="true" signature="setUp(java.lang.String,java.lang.String)[pri:0, instance:testCases.TC_005_EndToEndTest@57459491]" started-at="2025-12-27T16:20:56 IST" name="setUp" finished-at="2025-12-27T16:21:01 IST" duration-ms="5743" status="PASS">
          <params>
            <param index="0">
              <value>
                <![CDATA[windows]]>
              </value>
            </param>
            <param index="1">
              <value>
                <![CDATA[chrome]]>
              </value>
            </param>
          </params>
          <reporter-output>
          </reporter-output>
        </test-method> <!-- setUp -->
        <test-method signature="endToEndTest()[pri:0, instance:testCases.TC_005_EndToEndTest@57459491]" started-at="2025-12-27T16:21:02 IST" name="endToEndTest" finished-at="2025-12-27T16:21:36 IST" duration-ms="34222" status="PASS">
          <reporter-output>
          </reporter-output>
        </test-method> <!-- endToEndTest -->
        <test-method is-config="true" signature="tearUp()[pri:0, instance:testCases.TC_005_EndToEndTest@57459491]" started-at="2025-12-27T16:21:36 IST" name="tearUp" finished-at="2025-12-27T16:21:37 IST" duration-ms="1364" status="PASS">
          <reporter-output>
          </reporter-output>
        </test-method> <!-- tearUp -->
      </class> <!-- testCases.TC_005_EndToEndTest -->
    </test> <!-- Test -->
  </suite> <!-- Suite -->
</testng-results>
